2025-12-04 18:40:08,411 - AGITrainer - INFO - Device: cpu
2025-12-04 18:40:08,413 - AGITrainer - INFO - Model parameters: 1,360,898
2025-12-04 18:40:08,422 - AGITrainer - INFO - Starting training for 3 epochs
2025-12-04 18:40:09,136 - AGITrainer - INFO - Epoch 1/3: Train Loss = 1.1627, Val Loss = 1.0127
2025-12-04 18:40:09,770 - AGITrainer - INFO - Epoch 2/3: Train Loss = 1.0232, Val Loss = 1.0079
2025-12-04 18:40:10,318 - AGITrainer - INFO - Epoch 3/3: Train Loss = 1.0181, Val Loss = 1.0028
2025-12-04 18:43:25,308 - AGITrainer - INFO - 🚀 AGITrainer initialized
2025-12-04 18:43:25,308 - AGITrainer - INFO - Device: cpu
2025-12-04 18:43:25,309 - AGITrainer - INFO - Model parameters: 1,360,898
2025-12-04 18:43:25,309 - AGITrainer - INFO - Starting training for 3 epochs
2025-12-04 18:43:25,869 - AGITrainer - INFO - Epoch 1/3: Train Loss = 1.1627, Val Loss = 1.0127
2025-12-04 18:43:26,426 - AGITrainer - INFO - Epoch 2/3: Train Loss = 1.0232, Val Loss = 1.0079
2025-12-04 18:43:26,949 - AGITrainer - INFO - Epoch 3/3: Train Loss = 1.0181, Val Loss = 1.0028
2025-12-04 18:43:26,976 - AGITrainer - INFO - ✅ Training completed!
2025-12-04 18:51:19,675 - AGITrainer - INFO - 🚀 AGITrainer initialized
2025-12-04 18:51:19,675 - AGITrainer - INFO - Device: cpu
2025-12-04 18:51:19,676 - AGITrainer - INFO - Model parameters: 1,360,898
2025-12-04 18:51:19,676 - AGITrainer - INFO - Starting training for 3 epochs
2025-12-04 18:51:20,195 - AGITrainer - INFO - Epoch 1/3: Train Loss = 1.1627, Val Loss = 1.0127
2025-12-04 18:51:20,807 - AGITrainer - INFO - Epoch 2/3: Train Loss = 1.0232, Val Loss = 1.0079
2025-12-04 18:51:21,345 - AGITrainer - INFO - Epoch 3/3: Train Loss = 1.0181, Val Loss = 1.0028
2025-12-04 18:51:21,381 - AGITrainer - INFO - ✅ Training completed!
