[01mRunning Sphinx v8.2.3[39;49;00m
[01mloading translations [en]... [39;49;00mdone
[91mWARNING: html_static_path entry '_static' does not exist[39;49;00m
[01mloading pickled environment... [39;49;00mfailed: source directory has changed
done
[01mbuilding [mo]: [39;49;00mtargets for 0 po files that are out of date
[01mwriting output... [39;49;00m
[01mbuilding [html]: [39;49;00mbuild_info mismatch, copying .buildinfo to .buildinfo.bak
[01mbuilding [html]: [39;49;00mtargets for 3 source files that are out of date
[01mupdating environment: [39;49;00m[new config] 3 added, 0 changed, 0 removed
[2K[01mreading sources... [39;49;00m[ 33%] [35mapi[39;49;00m[2K[01mreading sources... [39;49;00m[ 67%] [35mindex[39;49;00m[2K[01mreading sources... [39;49;00m[100%] [35moverview[39;49;00m
[01mlooking for now-outdated files... [39;49;00mnone found
[01mpickling environment... [39;49;00mdone
[01mchecking consistency... [39;49;00mdone
[01mpreparing documents... [39;49;00mdone
[01mcopying assets... [39;49;00m
[01mcopying static files... [39;49;00m
Writing evaluated template result to /home/runner/work/pytonb/pytonb/docs/_build/html/_static/language_data.js
Writing evaluated template result to /home/runner/work/pytonb/pytonb/docs/_build/html/_static/basic.css
Writing evaluated template result to /home/runner/work/pytonb/pytonb/docs/_build/html/_static/documentation_options.js
Writing evaluated template result to /home/runner/work/pytonb/pytonb/docs/_build/html/_static/alabaster.css
[01mcopying static files: [39;49;00mdone
[01mcopying extra files... [39;49;00m
[01mcopying extra files: [39;49;00mdone
[01mcopying assets: [39;49;00mdone
[2K[01mwriting output... [39;49;00m[ 33%] [32mapi[39;49;00m[2K[01mwriting output... [39;49;00m[ 67%] [32mindex[39;49;00m[2K[01mwriting output... [39;49;00m[100%] [32moverview[39;49;00m
[01mgenerating indices... [39;49;00mgenindex py-modindex done
[01mwriting additional pages... [39;49;00msearch done
[01mdumping search index in English (code: en)... [39;49;00mdone
[01mdumping object inventory... [39;49;00mdone
[01mbuild succeeded, 1 warning.[39;49;00m

The HTML pages are in docs/_build/html.
