Slotted(the_answer=42, the_question='What do you get if you multiply six by nine?')
{'the_answer': None, 'the_question': 'Life the universe and everything'}
Help on class Slotted in module __main__:

class Slotted(ducktools.classbuilder.prefab.Prefab)
 |  Slotted(
 |      the_answer: int = 42,
 |      the_question: str = 'What do you get if you multiply six by nine?'
 |  ) -> None
 |
 |  Method resolution order:
 |      Slotted
 |      ducktools.classbuilder.prefab.Prefab
 |      builtins.object
 |
 |  Methods defined here:
 |
 |  __eq__(self, other) from Slotted
 |
 |  __init__(
 |      self,
 |      the_answer: int = 42,
 |      the_question: str = 'What do you get if you multiply six by nine?'
 |  ) -> None from Slotted
 |
 |  __replace__(self, /, **changes) from Slotted
 |
 |  __repr__(self) from Slotted
 |
 |  __signature__
 |
 |  ----------------------------------------------------------------------
 |  Data descriptors defined here:
 |
 |  the_answer
 |
 |  the_question
 |      Life the universe and everything
 |
 |  ----------------------------------------------------------------------
 |  Data and other attributes defined here:
 |
 |  PREFAB_FIELDS = ['the_answer', 'the_question']
 |
 |  __classbuilder_gathered_fields__ = ({'the_answer': Attribute(default=4...
 |
 |  __classbuilder_internals__ = {'build_complete': True, 'fields': {'the_...
 |
 |  __hash__ = None
 |
 |  __match_args__ = ('the_answer', 'the_question')
 |
 |  ----------------------------------------------------------------------
 |  Class methods inherited from ducktools.classbuilder.prefab.Prefab:
 |
 |  __init_subclass__(**kwargs)
 |      Generate boilerplate code for dunder methods in a class.
 |
 |      Use as a base class, slotted by default
 |
 |      :param init: generates __init__ if true or __prefab_init__ if false
 |      :param repr: generate __repr__
 |      :param eq: generate __eq__
 |      :param iter: generate __iter__
 |      :param match_args: generate __match_args__
 |      :param kw_only: make all attributes keyword only
 |      :param frozen: Prevent attribute values from being changed once defined
 |                  (This does not prevent the modification of mutable attributes such as lists)
 |      :param replace: generate a __replace__ method
 |      :param dict_method: Include an as_dict method for faster dictionary creation
 |      :param recursive_repr: Safely handle repr in case of recursion
 |      :param ignore_annotations: Ignore type annotations when gathering fields, only look for
 |                              slots or attribute(...) values
 |      :param slots: automatically generate slots for this class's attributes

