$ python manage.py migrate
Operations to perform:
  Apply all migrations: admin, auth, contenttypes, sessions
Running migrations:
  Applying contenttypes.0001_initial... OK
  Applying auth.0001_initial... OK
  Applying admin.0001_initial... OK
  Applying sessions.0001_initial... OK

$ python manage.py test
Creating test database...
Running tests...
..........................
OK (26 tests)
Destroying test database...

$ python manage.py runserver
Performing system checks...
System check identified no issues (0 silenced).
Starting development server at http://127.0.0.1:8000/
Quit the server with CONTROL-C.

$ curl http://127.0.0.1:8000/api/users
[{"id": 1, "name": "Alice"}, {"id": 2, "name": "Bob"}]

$ python manage.py migrate
Operations to perform:
  Apply all migrations: admin, auth, contenttypes, sessions
Running migrations:
  Applying contenttypes.0001_initial... OK
  Applying auth.0001_initial... OK
  Applying admin.0001_initial... OK
  Applying sessions.0001_initial... OK

$ python manage.py test
Creating test database...
Running tests...
..........................
OK (26 tests)
Destroying test database...

$ exit
